<?xml version="1.0" encoding="UTF-8"?>
<!-- Generated by org.testng.reporters.JUnitXMLReporter -->
<testsuite ignored="0" hostname="Bala-PC" failures="0" tests="4" name="MavenTestNGTest1" time="6.448" errors="0" timestamp="2022-02-08T12:58:05 EST">
  <testcase classname="mavenpackage.Parameterization" name="parameterizedTest" time="0.002"/>
  <testcase classname="mavenpackage.Parameterization" name="optional" time="0.002"/>
  <testcase classname="mavenpackage.FirstTestNGFile" name="verifyTitle" time="0.021"/>
  <testcase classname="mavenpackage.FirstMavenExercise" name="mavenTest" time="2.558"/>
</testsuite> <!-- MavenTestNGTest1 -->
