<?xml version="1.0" encoding="UTF-8"?>
<testng-results ignored="0" total="8" passed="8" failed="0" skipped="0">
  <reporter-output>
  </reporter-output>
  <suite started-at="2022-02-08T11:47:53 EST" name="MavenTestNGSuite" finished-at="2022-02-08T11:48:04 EST" duration-ms="11165">
    <groups>
    </groups>
    <test started-at="2022-02-08T11:47:53 EST" name="MavenTestNGTest1" finished-at="2022-02-08T11:47:59 EST" duration-ms="5894">
      <class name="mavenpackage.Parameterization">
        <test-method signature="parameterizedTest(java.lang.String)[pri:0, instance:mavenpackage.Parameterization@65466a6a]" started-at="2022-02-08T11:47:57 EST" name="parameterizedTest" finished-at="2022-02-08T11:47:57 EST" duration-ms="2" status="PASS">
          <params>
            <param index="0">
              <value>
                <![CDATA[firefox]]>
              </value>
            </param>
          </params>
          <reporter-output>
          </reporter-output>
        </test-method> <!-- parameterizedTest -->
        <test-method signature="optional(java.lang.String)[pri:0, instance:mavenpackage.Parameterization@65466a6a]" started-at="2022-02-08T11:47:57 EST" name="optional" finished-at="2022-02-08T11:47:57 EST" duration-ms="2" status="PASS">
          <params>
            <param index="0">
              <value>
                <![CDATA[Optional Parameter Selected]]>
              </value>
            </param>
          </params>
          <reporter-output>
          </reporter-output>
        </test-method> <!-- optional -->
      </class> <!-- mavenpackage.Parameterization -->
      <class name="mavenpackage.FirstMavenExercise">
        <test-method signature="mavenTest()[pri:0, instance:mavenpackage.FirstMavenExercise@670002]" started-at="2022-02-08T11:47:57 EST" name="mavenTest" finished-at="2022-02-08T11:47:59 EST" duration-ms="2333" status="PASS">
          <reporter-output>
          </reporter-output>
        </test-method> <!-- mavenTest -->
      </class> <!-- mavenpackage.FirstMavenExercise -->
      <class name="mavenpackage.FirstTestNGFile">
        <test-method is-config="true" signature="launchBrowser()[pri:0, instance:mavenpackage.FirstTestNGFile@3d680b5a]" started-at="2022-02-08T11:47:53 EST" name="launchBrowser" finished-at="2022-02-08T11:47:57 EST" duration-ms="3521" status="PASS">
          <reporter-output>
          </reporter-output>
        </test-method> <!-- launchBrowser -->
        <test-method signature="verifyTitle()[pri:0, instance:mavenpackage.FirstTestNGFile@3d680b5a]" started-at="2022-02-08T11:47:57 EST" name="verifyTitle" finished-at="2022-02-08T11:47:57 EST" duration-ms="19" status="PASS">
          <reporter-output>
          </reporter-output>
        </test-method> <!-- verifyTitle -->
        <test-method is-config="true" signature="closeBrowser()[pri:0, instance:mavenpackage.FirstTestNGFile@3d680b5a]" started-at="2022-02-08T11:47:59 EST" name="closeBrowser" finished-at="2022-02-08T11:47:59 EST" duration-ms="0" status="PASS">
          <reporter-output>
          </reporter-output>
        </test-method> <!-- closeBrowser -->
      </class> <!-- mavenpackage.FirstTestNGFile -->
    </test> <!-- MavenTestNGTest1 -->
    <test started-at="2022-02-08T11:47:59 EST" name="MavenTestNGTest2" finished-at="2022-02-08T11:48:04 EST" duration-ms="5256">
      <class name="mavenpackage.Parameterization">
        <test-method signature="parameterizedTest(java.lang.String)[pri:0, instance:mavenpackage.Parameterization@15eb5ee5]" started-at="2022-02-08T11:48:02 EST" name="parameterizedTest" finished-at="2022-02-08T11:48:02 EST" duration-ms="0" status="PASS">
          <params>
            <param index="0">
              <value>
                <![CDATA[chrome]]>
              </value>
            </param>
          </params>
          <reporter-output>
          </reporter-output>
        </test-method> <!-- parameterizedTest -->
        <test-method signature="optional(java.lang.String)[pri:0, instance:mavenpackage.Parameterization@15eb5ee5]" started-at="2022-02-08T11:48:02 EST" name="optional" finished-at="2022-02-08T11:48:02 EST" duration-ms="0" status="PASS">
          <params>
            <param index="0">
              <value>
                <![CDATA[Testing parameters Annotation by passing value from xml ]]>
              </value>
            </param>
          </params>
          <reporter-output>
          </reporter-output>
        </test-method> <!-- optional -->
      </class> <!-- mavenpackage.Parameterization -->
      <class name="mavenpackage.FirstMavenExercise">
        <test-method signature="mavenTest()[pri:0, instance:mavenpackage.FirstMavenExercise@4f209819]" started-at="2022-02-08T11:48:02 EST" name="mavenTest" finished-at="2022-02-08T11:48:04 EST" duration-ms="2488" status="PASS">
          <reporter-output>
          </reporter-output>
        </test-method> <!-- mavenTest -->
      </class> <!-- mavenpackage.FirstMavenExercise -->
      <class name="mavenpackage.FirstTestNGFile">
        <test-method is-config="true" signature="launchBrowser()[pri:0, instance:mavenpackage.FirstTestNGFile@130161f7]" started-at="2022-02-08T11:47:59 EST" name="launchBrowser" finished-at="2022-02-08T11:48:02 EST" duration-ms="2761" status="PASS">
          <reporter-output>
          </reporter-output>
        </test-method> <!-- launchBrowser -->
        <test-method signature="verifyTitle()[pri:0, instance:mavenpackage.FirstTestNGFile@130161f7]" started-at="2022-02-08T11:48:02 EST" name="verifyTitle" finished-at="2022-02-08T11:48:02 EST" duration-ms="10" status="PASS">
          <reporter-output>
          </reporter-output>
        </test-method> <!-- verifyTitle -->
        <test-method is-config="true" signature="closeBrowser()[pri:0, instance:mavenpackage.FirstTestNGFile@130161f7]" started-at="2022-02-08T11:48:04 EST" name="closeBrowser" finished-at="2022-02-08T11:48:04 EST" duration-ms="1" status="PASS">
          <reporter-output>
          </reporter-output>
        </test-method> <!-- closeBrowser -->
      </class> <!-- mavenpackage.FirstTestNGFile -->
    </test> <!-- MavenTestNGTest2 -->
  </suite> <!-- MavenTestNGSuite -->
</testng-results>
