<?xml version="1.0" encoding="UTF-8"?>
<testng-results ignored="0" total="8" passed="8" failed="0" skipped="0">
  <reporter-output>
  </reporter-output>
  <suite started-at="2022-02-08T12:43:03 EST" name="MavenTestNGSuite" finished-at="2022-02-08T12:43:13 EST" duration-ms="10507">
    <groups>
    </groups>
    <test started-at="2022-02-08T12:43:03 EST" name="MavenTestNGTest1" finished-at="2022-02-08T12:43:09 EST" duration-ms="5728">
      <class name="mavenpackage.Parameterization">
        <test-method signature="parameterizedTest(java.lang.String)[pri:0, instance:mavenpackage.Parameterization@65466a6a]" started-at="2022-02-08T12:43:06 EST" name="parameterizedTest" finished-at="2022-02-08T12:43:06 EST" duration-ms="2" status="PASS">
          <params>
            <param index="0">
              <value>
                <![CDATA[firefox]]>
              </value>
            </param>
          </params>
          <reporter-output>
          </reporter-output>
        </test-method> <!-- parameterizedTest -->
        <test-method signature="optional(java.lang.String)[pri:0, instance:mavenpackage.Parameterization@65466a6a]" started-at="2022-02-08T12:43:06 EST" name="optional" finished-at="2022-02-08T12:43:06 EST" duration-ms="5" status="PASS">
          <params>
            <param index="0">
              <value>
                <![CDATA[Optional Parameter Selected]]>
              </value>
            </param>
          </params>
          <reporter-output>
          </reporter-output>
        </test-method> <!-- optional -->
      </class> <!-- mavenpackage.Parameterization -->
      <class name="mavenpackage.FirstMavenExercise">
        <test-method signature="mavenTest()[pri:0, instance:mavenpackage.FirstMavenExercise@670002]" started-at="2022-02-08T12:43:06 EST" name="mavenTest" finished-at="2022-02-08T12:43:09 EST" duration-ms="2341" status="PASS">
          <reporter-output>
          </reporter-output>
        </test-method> <!-- mavenTest -->
      </class> <!-- mavenpackage.FirstMavenExercise -->
      <class name="mavenpackage.FirstTestNGFile">
        <test-method is-config="true" signature="launchBrowser()[pri:0, instance:mavenpackage.FirstTestNGFile@3d680b5a]" started-at="2022-02-08T12:43:03 EST" name="launchBrowser" finished-at="2022-02-08T12:43:06 EST" duration-ms="3341" status="PASS">
          <reporter-output>
          </reporter-output>
        </test-method> <!-- launchBrowser -->
        <test-method signature="verifyTitle()[pri:0, instance:mavenpackage.FirstTestNGFile@3d680b5a]" started-at="2022-02-08T12:43:06 EST" name="verifyTitle" finished-at="2022-02-08T12:43:06 EST" duration-ms="33" status="PASS">
          <reporter-output>
          </reporter-output>
        </test-method> <!-- verifyTitle -->
        <test-method is-config="true" signature="closeBrowser()[pri:0, instance:mavenpackage.FirstTestNGFile@3d680b5a]" started-at="2022-02-08T12:43:09 EST" name="closeBrowser" finished-at="2022-02-08T12:43:09 EST" duration-ms="1" status="PASS">
          <reporter-output>
          </reporter-output>
        </test-method> <!-- closeBrowser -->
      </class> <!-- mavenpackage.FirstTestNGFile -->
    </test> <!-- MavenTestNGTest1 -->
    <test started-at="2022-02-08T12:43:09 EST" name="MavenTestNGTest2" finished-at="2022-02-08T12:43:13 EST" duration-ms="4763">
      <class name="mavenpackage.Parameterization">
        <test-method signature="optional(java.lang.String)[pri:0, instance:mavenpackage.Parameterization@2145b572]" started-at="2022-02-08T12:43:11 EST" name="optional" finished-at="2022-02-08T12:43:11 EST" duration-ms="0" status="PASS">
          <params>
            <param index="0">
              <value>
                <![CDATA[Testing parameters Annotation by passing value from xml ]]>
              </value>
            </param>
          </params>
          <reporter-output>
          </reporter-output>
        </test-method> <!-- optional -->
        <test-method signature="parameterizedTest(java.lang.String)[pri:0, instance:mavenpackage.Parameterization@2145b572]" started-at="2022-02-08T12:43:11 EST" name="parameterizedTest" finished-at="2022-02-08T12:43:11 EST" duration-ms="0" status="PASS">
          <params>
            <param index="0">
              <value>
                <![CDATA[chrome]]>
              </value>
            </param>
          </params>
          <reporter-output>
          </reporter-output>
        </test-method> <!-- parameterizedTest -->
      </class> <!-- mavenpackage.Parameterization -->
      <class name="mavenpackage.FirstMavenExercise">
        <test-method signature="mavenTest()[pri:0, instance:mavenpackage.FirstMavenExercise@15eb5ee5]" started-at="2022-02-08T12:43:11 EST" name="mavenTest" finished-at="2022-02-08T12:43:13 EST" duration-ms="2411" status="PASS">
          <reporter-output>
          </reporter-output>
        </test-method> <!-- mavenTest -->
      </class> <!-- mavenpackage.FirstMavenExercise -->
      <class name="mavenpackage.FirstTestNGFile">
        <test-method is-config="true" signature="launchBrowser()[pri:0, instance:mavenpackage.FirstTestNGFile@2c767a52]" started-at="2022-02-08T12:43:09 EST" name="launchBrowser" finished-at="2022-02-08T12:43:11 EST" duration-ms="2349" status="PASS">
          <reporter-output>
          </reporter-output>
        </test-method> <!-- launchBrowser -->
        <test-method signature="verifyTitle()[pri:0, instance:mavenpackage.FirstTestNGFile@2c767a52]" started-at="2022-02-08T12:43:11 EST" name="verifyTitle" finished-at="2022-02-08T12:43:11 EST" duration-ms="17" status="PASS">
          <reporter-output>
          </reporter-output>
        </test-method> <!-- verifyTitle -->
        <test-method is-config="true" signature="closeBrowser()[pri:0, instance:mavenpackage.FirstTestNGFile@2c767a52]" started-at="2022-02-08T12:43:13 EST" name="closeBrowser" finished-at="2022-02-08T12:43:13 EST" duration-ms="0" status="PASS">
          <reporter-output>
          </reporter-output>
        </test-method> <!-- closeBrowser -->
      </class> <!-- mavenpackage.FirstTestNGFile -->
    </test> <!-- MavenTestNGTest2 -->
  </suite> <!-- MavenTestNGSuite -->
</testng-results>
