<?xml version="1.0" encoding="UTF-8"?>
<testng-results ignored="0" total="1" passed="1" failed="0" skipped="0">
  <reporter-output>
  </reporter-output>
  <suite started-at="2022-02-08T12:57:38 EST" name="Default suite" finished-at="2022-02-08T12:57:42 EST" duration-ms="3617">
    <groups>
    </groups>
    <test started-at="2022-02-08T12:57:38 EST" name="Default test" finished-at="2022-02-08T12:57:42 EST" duration-ms="3617">
      <class name="mavenpackage.FirstTestNGFile">
        <test-method is-config="true" signature="launchBrowser()[pri:0, instance:mavenpackage.FirstTestNGFile@3bb9a3ff]" started-at="2022-02-08T12:57:38 EST" name="launchBrowser" finished-at="2022-02-08T12:57:42 EST" duration-ms="3562" status="PASS">
          <reporter-output>
          </reporter-output>
        </test-method> <!-- launchBrowser -->
        <test-method signature="verifyTitle()[pri:0, instance:mavenpackage.FirstTestNGFile@3bb9a3ff]" started-at="2022-02-08T12:57:42 EST" name="verifyTitle" finished-at="2022-02-08T12:57:42 EST" duration-ms="17" status="PASS">
          <reporter-output>
          </reporter-output>
        </test-method> <!-- verifyTitle -->
        <test-method is-config="true" signature="closeBrowser()[pri:0, instance:mavenpackage.FirstTestNGFile@3bb9a3ff]" started-at="2022-02-08T12:57:42 EST" name="closeBrowser" finished-at="2022-02-08T12:57:42 EST" duration-ms="0" status="PASS">
          <reporter-output>
          </reporter-output>
        </test-method> <!-- closeBrowser -->
      </class> <!-- mavenpackage.FirstTestNGFile -->
    </test> <!-- Default test -->
  </suite> <!-- Default suite -->
</testng-results>
