<?xml version="1.0" encoding="UTF-8"?>
<!-- Generated by org.testng.reporters.JUnitXMLReporter -->
<testsuite ignored="0" hostname="Bala-PC" failures="0" tests="4" name="MavenTestNGTest1" time="5.075" errors="0" timestamp="2022-02-08T12:32:49 EST">
  <testcase classname="mavenpackage.Parameterization" name="parameterizedTest" time="0.007"/>
  <testcase classname="mavenpackage.Parameterization" name="optional" time="0.005"/>
  <testcase classname="mavenpackage.FirstTestNGFile" name="verifyTitle" time="0.017"/>
  <testcase classname="mavenpackage.FirstMavenExercise" name="mavenTest" time="2.507"/>
</testsuite> <!-- MavenTestNGTest1 -->
