<?xml version="1.0" encoding="UTF-8"?>
<!-- Generated by org.testng.reporters.JUnitXMLReporter -->
<testsuite ignored="0" hostname="Bala-PC" failures="0" tests="3" name="MavenTestNGTest" time="4.091" errors="0" timestamp="2022-02-05T17:02:47 EST">
  <testcase classname="mavenpackage.FirstMavenExercise" name="mavenTest" time="4.048"/>
  <testcase classname="mavenpackage.Parameterization" name="optional" time="0.001"/>
  <testcase classname="mavenpackage.Parameterization" name="parameterizedTest" time="0.001"/>
</testsuite> <!-- MavenTestNGTest -->
