<?xml version="1.0" encoding="UTF-8"?>
<!-- Generated by org.testng.reporters.JUnitXMLReporter -->
<testsuite ignored="0" hostname="Bala-PC" failures="0" tests="4" name="MavenTestNGTest2" time="3.972" errors="0" timestamp="2022-02-08T12:32:53 EST">
  <testcase classname="mavenpackage.Parameterization" name="optional" time="0.003"/>
  <testcase classname="mavenpackage.Parameterization" name="parameterizedTest" time="0.005"/>
  <testcase classname="mavenpackage.FirstTestNGFile" name="verifyTitle" time="0.013"/>
  <testcase classname="mavenpackage.FirstMavenExercise" name="mavenTest" time="2.121"/>
</testsuite> <!-- MavenTestNGTest2 -->
